
> site-starter@0.0.1 build
> vite build

vite v5.4.19 building SSR bundle for production...
transforming...

./files/jetbrains-mono-cyrillic-ext-wght-normal.woff2 referenced in ./files/jetbrains-mono-cyrillic-ext-wght-normal.woff2 didn't resolve at build time, it will remain unchanged to be resolved at runtime

./files/jetbrains-mono-cyrillic-wght-normal.woff2 referenced in ./files/jetbrains-mono-cyrillic-wght-normal.woff2 didn't resolve at build time, it will remain unchanged to be resolved at runtime

./files/jetbrains-mono-greek-wght-normal.woff2 referenced in ./files/jetbrains-mono-greek-wght-normal.woff2 didn't resolve at build time, it will remain unchanged to be resolved at runtime

./files/jetbrains-mono-vietnamese-wght-normal.woff2 referenced in ./files/jetbrains-mono-vietnamese-wght-normal.woff2 didn't resolve at build time, it will remain unchanged to be resolved at runtime

./files/jetbrains-mono-latin-ext-wght-normal.woff2 referenced in ./files/jetbrains-mono-latin-ext-wght-normal.woff2 didn't resolve at build time, it will remain unchanged to be resolved at runtime

./files/jetbrains-mono-latin-wght-normal.woff2 referenced in ./files/jetbrains-mono-latin-wght-normal.woff2 didn't resolve at build time, it will remain unchanged to be resolved at runtime

./files/libre-caslon-text-latin-ext-400-normal.woff2 referenced in ./files/libre-caslon-text-latin-ext-400-normal.woff2 didn't resolve at build time, it will remain unchanged to be resolved at runtime

./files/libre-caslon-text-latin-400-normal.woff2 referenced in ./files/libre-caslon-text-latin-400-normal.woff2 didn't resolve at build time, it will remain unchanged to be resolved at runtime

./files/libre-caslon-text-latin-ext-400-normal.woff referenced in ./files/libre-caslon-text-latin-ext-400-normal.woff didn't resolve at build time, it will remain unchanged to be resolved at runtime

./files/libre-caslon-text-latin-400-normal.woff referenced in ./files/libre-caslon-text-latin-400-normal.woff didn't resolve at build time, it will remain unchanged to be resolved at runtime
✓ 2279 modules transformed.
rendering chunks...
vite v5.4.19 building for production...
transforming...

./files/jetbrains-mono-cyrillic-ext-wght-normal.woff2 referenced in ./files/jetbrains-mono-cyrillic-ext-wght-normal.woff2 didn't resolve at build time, it will remain unchanged to be resolved at runtime

./files/jetbrains-mono-cyrillic-wght-normal.woff2 referenced in ./files/jetbrains-mono-cyrillic-wght-normal.woff2 didn't resolve at build time, it will remain unchanged to be resolved at runtime

./files/jetbrains-mono-greek-wght-normal.woff2 referenced in ./files/jetbrains-mono-greek-wght-normal.woff2 didn't resolve at build time, it will remain unchanged to be resolved at runtime

./files/jetbrains-mono-vietnamese-wght-normal.woff2 referenced in ./files/jetbrains-mono-vietnamese-wght-normal.woff2 didn't resolve at build time, it will remain unchanged to be resolved at runtime

./files/jetbrains-mono-latin-ext-wght-normal.woff2 referenced in ./files/jetbrains-mono-latin-ext-wght-normal.woff2 didn't resolve at build time, it will remain unchanged to be resolved at runtime

./files/jetbrains-mono-latin-wght-normal.woff2 referenced in ./files/jetbrains-mono-latin-wght-normal.woff2 didn't resolve at build time, it will remain unchanged to be resolved at runtime

./files/libre-caslon-text-latin-ext-400-normal.woff2 referenced in ./files/libre-caslon-text-latin-ext-400-normal.woff2 didn't resolve at build time, it will remain unchanged to be resolved at runtime

./files/libre-caslon-text-latin-400-normal.woff2 referenced in ./files/libre-caslon-text-latin-400-normal.woff2 didn't resolve at build time, it will remain unchanged to be resolved at runtime

./files/libre-caslon-text-latin-ext-400-normal.woff referenced in ./files/libre-caslon-text-latin-ext-400-normal.woff didn't resolve at build time, it will remain unchanged to be resolved at runtime

./files/libre-caslon-text-latin-400-normal.woff referenced in ./files/libre-caslon-text-latin-400-normal.woff didn't resolve at build time, it will remain unchanged to be resolved at runtime
✓ 2671 modules transformed.
rendering chunks...
computing gzip size...
.svelte-kit/output/client/_app/version.json                                                              0.03 kB │ gzip:   0.05 kB
.svelte-kit/output/client/_app/immutable/assets/jetbrains-mono-vietnamese-wght-normal.Bt-aOZkq.woff2     7.50 kB
.svelte-kit/output/client/_app/immutable/assets/jetbrains-mono-greek-wght-normal.Bw9x6K1M.woff2          9.00 kB
.svelte-kit/output/client/_app/immutable/assets/jetbrains-mono-cyrillic-wght-normal.D73BlboJ.woff2      12.11 kB
.svelte-kit/output/client/_app/immutable/assets/libre-caslon-text-latin-ext-400-normal.ll1HhAxb.woff    12.22 kB
.svelte-kit/output/client/_app/immutable/assets/libre-caslon-text-latin-ext-400-normal.C9ASObbr.woff2   14.31 kB
.svelte-kit/output/client/_app/immutable/assets/jetbrains-mono-latin-ext-wght-normal.DBQx-q_a.woff2     15.20 kB
.svelte-kit/output/client/_app/immutable/assets/libre-caslon-text-latin-400-normal.WtjoQ5sB.woff        21.40 kB
.svelte-kit/output/client/_app/immutable/assets/libre-caslon-text-latin-400-normal.CfldDPV-.woff2       24.97 kB
.svelte-kit/output/client/_app/immutable/assets/jetbrains-mono-latin-wght-normal.B9CIFXIH.woff2         40.40 kB
.svelte-kit/output/client/.vite/manifest.json                                                          107.84 kB │ gzip:  10.55 kB
.svelte-kit/output/client/_app/immutable/assets/0.D65bYtn9.css                                         101.05 kB │ gzip:  19.42 kB
.svelte-kit/output/client/_app/immutable/chunks/69_IOA4Y.js                                              0.03 kB │ gzip:   0.05 kB
.svelte-kit/output/client/_app/immutable/chunks/DIeogL5L.js                                              0.06 kB │ gzip:   0.07 kB
.svelte-kit/output/client/_app/immutable/entry/start.DSR3bHx5.js                                         0.08 kB │ gzip:   0.09 kB
.svelte-kit/output/client/_app/immutable/nodes/11.CWG1ehzT.js                                            0.10 kB │ gzip:   0.10 kB
.svelte-kit/output/client/_app/immutable/chunks/CWj6FrbW.js                                              0.11 kB │ gzip:   0.11 kB
.svelte-kit/output/client/_app/immutable/chunks/1yQkytRy.js                                              0.12 kB │ gzip:   0.13 kB
.svelte-kit/output/client/_app/immutable/chunks/C6pKMunc.js                                              0.19 kB │ gzip:   0.16 kB
.svelte-kit/output/client/_app/immutable/chunks/A1m078X_.js                                              0.20 kB │ gzip:   0.17 kB
.svelte-kit/output/client/_app/immutable/chunks/hAJ80S8h.js                                              0.20 kB │ gzip:   0.18 kB
.svelte-kit/output/client/_app/immutable/nodes/21.BXIVw10a.js                                            0.21 kB │ gzip:   0.17 kB
.svelte-kit/output/client/_app/immutable/nodes/17.CwQvTN-Z.js                                            0.23 kB │ gzip:   0.19 kB
.svelte-kit/output/client/_app/immutable/nodes/20.CwQvTN-Z.js                                            0.23 kB │ gzip:   0.19 kB
.svelte-kit/output/client/_app/immutable/nodes/2.BSlr8hcr.js                                             0.25 kB │ gzip:   0.19 kB
.svelte-kit/output/client/_app/immutable/nodes/4.BSlr8hcr.js                                             0.25 kB │ gzip:   0.19 kB
.svelte-kit/output/client/_app/immutable/nodes/5.BSlr8hcr.js                                             0.25 kB │ gzip:   0.19 kB
.svelte-kit/output/client/_app/immutable/nodes/6.BSlr8hcr.js                                             0.25 kB │ gzip:   0.19 kB
.svelte-kit/output/client/_app/immutable/nodes/7.BSlr8hcr.js                                             0.25 kB │ gzip:   0.19 kB
.svelte-kit/output/client/_app/immutable/nodes/8.BSlr8hcr.js                                             0.25 kB │ gzip:   0.19 kB
.svelte-kit/output/client/_app/immutable/nodes/9.BSlr8hcr.js                                             0.25 kB │ gzip:   0.19 kB
.svelte-kit/output/client/_app/immutable/nodes/10.BSlr8hcr.js                                            0.25 kB │ gzip:   0.19 kB
.svelte-kit/output/client/_app/immutable/chunks/CFIicF0p.js                                              0.28 kB │ gzip:   0.22 kB
.svelte-kit/output/client/_app/immutable/chunks/Ch0V7WNI.js                                              0.47 kB │ gzip:   0.33 kB
.svelte-kit/output/client/_app/immutable/nodes/13.B3lEqjFb.js                                            0.49 kB │ gzip:   0.33 kB
.svelte-kit/output/client/_app/immutable/nodes/3.BLqNyppg.js                                             0.51 kB │ gzip:   0.32 kB
.svelte-kit/output/client/_app/immutable/chunks/DOgWNdW9.js                                              0.52 kB │ gzip:   0.33 kB
.svelte-kit/output/client/_app/immutable/chunks/Bp6g37R7.js                                              0.55 kB │ gzip:   0.32 kB
.svelte-kit/output/client/_app/immutable/nodes/22.8YkNcUKF.js                                            0.63 kB │ gzip:   0.40 kB
.svelte-kit/output/client/_app/immutable/chunks/B6EOQaCv.js                                              0.63 kB │ gzip:   0.37 kB
.svelte-kit/output/client/_app/immutable/chunks/Cq5zzVJU.js                                              0.70 kB │ gzip:   0.42 kB
.svelte-kit/output/client/_app/immutable/chunks/B_m7g4N7.js                                              0.74 kB │ gzip:   0.34 kB
.svelte-kit/output/client/_app/immutable/chunks/Dkmk0KXM.js                                              0.77 kB │ gzip:   0.44 kB
.svelte-kit/output/client/_app/immutable/nodes/23.Bi60Ein1.js                                            0.77 kB │ gzip:   0.46 kB
.svelte-kit/output/client/_app/immutable/chunks/IflAHH2R.js                                              0.84 kB │ gzip:   0.46 kB
.svelte-kit/output/client/_app/immutable/chunks/CSXwinHm.js                                              0.97 kB │ gzip:   0.43 kB
.svelte-kit/output/client/_app/immutable/chunks/C8lEn-DE.js                                              1.00 kB │ gzip:   0.45 kB
.svelte-kit/output/client/_app/immutable/chunks/CZlF05X6.js                                              1.08 kB │ gzip:   0.54 kB
.svelte-kit/output/client/_app/immutable/chunks/C1FmrZbK.js                                              1.14 kB │ gzip:   0.68 kB
.svelte-kit/output/client/_app/immutable/chunks/fuZLfV_i.js                                              1.14 kB │ gzip:   0.37 kB
.svelte-kit/output/client/_app/immutable/chunks/Ci9PbRpc.js                                              1.18 kB │ gzip:   0.66 kB
.svelte-kit/output/client/_app/immutable/chunks/CxGSJlkm.js                                              1.23 kB │ gzip:   0.52 kB
.svelte-kit/output/client/_app/immutable/chunks/BaaWV1KV.js                                              1.35 kB │ gzip:   0.50 kB
.svelte-kit/output/client/_app/immutable/chunks/Da5cRb03.js                                              1.42 kB │ gzip:   0.53 kB
.svelte-kit/output/client/_app/immutable/chunks/BRZ36xJF.js                                              1.47 kB │ gzip:   0.82 kB
.svelte-kit/output/client/_app/immutable/chunks/BEwlwnbL.js                                              1.53 kB │ gzip:   0.50 kB
.svelte-kit/output/client/_app/immutable/chunks/BKmL4XmF.js                                              1.53 kB │ gzip:   0.77 kB
.svelte-kit/output/client/_app/immutable/chunks/BV7otONQ.js                                              1.65 kB │ gzip:   1.06 kB
.svelte-kit/output/client/_app/immutable/chunks/DM2TnTWK.js                                              1.74 kB │ gzip:   0.88 kB
.svelte-kit/output/client/_app/immutable/chunks/BcOcwvcX.js                                              1.74 kB │ gzip:   0.60 kB
.svelte-kit/output/client/_app/immutable/chunks/BmXAJ9_W.js                                              1.83 kB │ gzip:   0.76 kB
.svelte-kit/output/client/_app/immutable/nodes/19.Cpo_k9ZI.js                                            1.87 kB │ gzip:   0.93 kB
.svelte-kit/output/client/_app/immutable/chunks/DM8SLJpx.js                                              1.95 kB │ gzip:   1.06 kB
.svelte-kit/output/client/_app/immutable/chunks/DXGFvNW8.js                                              1.95 kB │ gzip:   0.69 kB
.svelte-kit/output/client/_app/immutable/chunks/cZ_B1rqX.js                                              2.12 kB │ gzip:   0.61 kB
.svelte-kit/output/client/_app/immutable/chunks/C2t-YnRu.js                                              2.24 kB │ gzip:   0.62 kB
.svelte-kit/output/client/_app/immutable/chunks/BRe5gWOq.js                                              2.26 kB │ gzip:   1.10 kB
.svelte-kit/output/client/_app/immutable/chunks/rjaIqmG7.js                                              2.27 kB │ gzip:   0.66 kB
.svelte-kit/output/client/_app/immutable/chunks/C-SQnVFl.js                                              2.35 kB │ gzip:   0.70 kB
.svelte-kit/output/client/_app/immutable/chunks/D08WgyRC.js                                              2.36 kB │ gzip:   0.76 kB
.svelte-kit/output/client/_app/immutable/chunks/CvIC7Nm4.js                                              2.41 kB │ gzip:   1.14 kB
.svelte-kit/output/client/_app/immutable/nodes/18.Dl16xEBt.js                                            2.49 kB │ gzip:   1.16 kB
.svelte-kit/output/client/_app/immutable/chunks/D97Zzqfu.js                                              2.57 kB │ gzip:   0.69 kB
.svelte-kit/output/client/_app/immutable/chunks/BspZqrRM.js                                              2.58 kB │ gzip:   0.82 kB
.svelte-kit/output/client/_app/immutable/nodes/16.D5LVj_on.js                                            2.61 kB │ gzip:   1.08 kB
.svelte-kit/output/client/_app/immutable/chunks/DFXneXwc.js                                              2.64 kB │ gzip:   1.17 kB
.svelte-kit/output/client/_app/immutable/chunks/Cp-IABpG.js                                              2.82 kB │ gzip:   0.78 kB
.svelte-kit/output/client/_app/immutable/nodes/1.DrFXvYwp.js                                             2.82 kB │ gzip:   1.24 kB
.svelte-kit/output/client/_app/immutable/chunks/BFvZA1X9.js                                              2.84 kB │ gzip:   0.88 kB
.svelte-kit/output/client/_app/immutable/chunks/CO1LY3CK.js                                              2.93 kB │ gzip:   0.80 kB
.svelte-kit/output/client/_app/immutable/chunks/igOmwpy8.js                                              2.97 kB │ gzip:   1.47 kB
.svelte-kit/output/client/_app/immutable/chunks/DcaNXYhu.js                                              3.01 kB │ gzip:   0.79 kB
.svelte-kit/output/client/_app/immutable/chunks/BkVcMG49.js                                              3.07 kB │ gzip:   1.46 kB
.svelte-kit/output/client/_app/immutable/chunks/C4IzmjpF.js                                              3.09 kB │ gzip:   1.64 kB
.svelte-kit/output/client/_app/immutable/chunks/Des-eS-w.js                                              3.11 kB │ gzip:   0.79 kB
.svelte-kit/output/client/_app/immutable/chunks/BtOb2qkB.js                                              3.13 kB │ gzip:   1.48 kB
.svelte-kit/output/client/_app/immutable/chunks/BogZkGC_.js                                              3.17 kB │ gzip:   1.62 kB
.svelte-kit/output/client/_app/immutable/chunks/BTJTHyun.js                                              3.24 kB │ gzip:   0.91 kB
.svelte-kit/output/client/_app/immutable/chunks/C9tS-k6U.js                                              3.25 kB │ gzip:   0.83 kB
.svelte-kit/output/client/_app/immutable/chunks/CKIfxQSi.js                                              3.26 kB │ gzip:   1.17 kB
.svelte-kit/output/client/_app/immutable/chunks/QIJgUcNo.js                                              3.29 kB │ gzip:   0.85 kB
.svelte-kit/output/client/_app/immutable/chunks/C3B-1QV4.js                                              3.35 kB │ gzip:   1.10 kB
.svelte-kit/output/client/_app/immutable/chunks/D0YGMca9.js                                              3.36 kB │ gzip:   1.21 kB
.svelte-kit/output/client/_app/immutable/chunks/CsfeWuGM.js                                              3.37 kB │ gzip:   1.18 kB
.svelte-kit/output/client/_app/immutable/chunks/BtCnVYZw.js                                              3.44 kB │ gzip:   1.53 kB
.svelte-kit/output/client/_app/immutable/chunks/C4IJs8-o.js                                              3.61 kB │ gzip:   0.90 kB
.svelte-kit/output/client/_app/immutable/chunks/_ykCGR6B.js                                              3.62 kB │ gzip:   1.61 kB
.svelte-kit/output/client/_app/immutable/chunks/DFQXde-d.js                                              3.62 kB │ gzip:   1.05 kB
.svelte-kit/output/client/_app/immutable/chunks/DZxFcAj9.js                                              3.63 kB │ gzip:   1.42 kB
.svelte-kit/output/client/_app/immutable/chunks/DRg8JJMk.js                                              3.67 kB │ gzip:   1.12 kB
.svelte-kit/output/client/_app/immutable/chunks/BsS91CYL.js                                              3.70 kB │ gzip:   0.97 kB
.svelte-kit/output/client/_app/immutable/chunks/DVxCFoDh.js                                              3.83 kB │ gzip:   1.97 kB
.svelte-kit/output/client/_app/immutable/chunks/DVFEvuxE.js                                              3.91 kB │ gzip:   1.29 kB
.svelte-kit/output/client/_app/immutable/chunks/Bk5OV074.js                                              3.94 kB │ gzip:   1.08 kB
.svelte-kit/output/client/_app/immutable/chunks/c1G5yEKj.js                                              4.08 kB │ gzip:   1.30 kB
.svelte-kit/output/client/_app/immutable/chunks/D93ZcfNL.js                                              4.15 kB │ gzip:   1.68 kB
.svelte-kit/output/client/_app/immutable/chunks/Bl2oy6fF.js                                              4.18 kB │ gzip:   1.32 kB
.svelte-kit/output/client/_app/immutable/chunks/DxL-obsp.js                                              4.22 kB │ gzip:   1.34 kB
.svelte-kit/output/client/_app/immutable/chunks/6nHXG8SA.js                                              4.31 kB │ gzip:   1.08 kB
.svelte-kit/output/client/_app/immutable/chunks/ZFQuH3wk.js                                              4.38 kB │ gzip:   1.04 kB
.svelte-kit/output/client/_app/immutable/chunks/dwOrl1Do.js                                              4.43 kB │ gzip:   1.51 kB
.svelte-kit/output/client/_app/immutable/chunks/C0HS_06l.js                                              4.67 kB │ gzip:   1.13 kB
.svelte-kit/output/client/_app/immutable/chunks/BYunw83y.js                                              4.77 kB │ gzip:   1.56 kB
.svelte-kit/output/client/_app/immutable/chunks/CHM0blh-.js                                              4.80 kB │ gzip:   0.83 kB
.svelte-kit/output/client/_app/immutable/nodes/14.DeiU5MyA.js                                            4.81 kB │ gzip:   1.75 kB
.svelte-kit/output/client/_app/immutable/nodes/15.CcCCc2ep.js                                            4.92 kB │ gzip:   2.06 kB
.svelte-kit/output/client/_app/immutable/chunks/D32k8WzR.js                                              5.02 kB │ gzip:   2.02 kB
.svelte-kit/output/client/_app/immutable/chunks/Dx-B1_4e.js                                              5.14 kB │ gzip:   1.38 kB
.svelte-kit/output/client/_app/immutable/chunks/CXP_1kP6.js                                              5.24 kB │ gzip:   1.31 kB
.svelte-kit/output/client/_app/immutable/chunks/DRprw4p4.js                                              5.33 kB │ gzip:   1.38 kB
.svelte-kit/output/client/_app/immutable/chunks/CEL-wOlO.js                                              5.37 kB │ gzip:   2.20 kB
.svelte-kit/output/client/_app/immutable/chunks/CK-KhNJq.js                                              5.37 kB │ gzip:   1.56 kB
.svelte-kit/output/client/_app/immutable/chunks/BGJmEYvX.js                                              5.38 kB │ gzip:   1.21 kB
.svelte-kit/output/client/_app/immutable/chunks/CMdgaOU9.js                                              5.46 kB │ gzip:   1.91 kB
.svelte-kit/output/client/_app/immutable/chunks/DMzUqQB5.js                                              5.46 kB │ gzip:   1.37 kB
.svelte-kit/output/client/_app/immutable/chunks/BsMeaXoL.js                                              5.62 kB │ gzip:   1.36 kB
.svelte-kit/output/client/_app/immutable/chunks/Cm_Ttd3e.js                                              5.66 kB │ gzip:   2.33 kB
.svelte-kit/output/client/_app/immutable/chunks/CEu0bR-o.js                                              5.90 kB │ gzip:   1.52 kB
.svelte-kit/output/client/_app/immutable/chunks/BqTXFGrv.js                                              5.92 kB │ gzip:   2.08 kB
.svelte-kit/output/client/_app/immutable/chunks/BQ8w6xss.js                                              5.93 kB │ gzip:   1.90 kB
.svelte-kit/output/client/_app/immutable/chunks/COkxafJQ.js                                              5.96 kB │ gzip:   1.71 kB
.svelte-kit/output/client/_app/immutable/chunks/D17OF-Vu.js                                              6.09 kB │ gzip:   2.33 kB
.svelte-kit/output/client/_app/immutable/chunks/bN70gL4F.js                                              6.26 kB │ gzip:   1.60 kB
.svelte-kit/output/client/_app/immutable/chunks/CafNBF8u.js                                              6.29 kB │ gzip:   1.72 kB
.svelte-kit/output/client/_app/immutable/chunks/DkwncUOv.js                                              6.33 kB │ gzip:   1.73 kB
.svelte-kit/output/client/_app/immutable/chunks/Dd19v3D-.js                                              6.33 kB │ gzip:   1.39 kB
.svelte-kit/output/client/_app/immutable/chunks/BRHolxvo.js                                              6.36 kB │ gzip:   1.80 kB
.svelte-kit/output/client/_app/immutable/chunks/P80f7IUj.js                                              6.41 kB │ gzip:   1.42 kB
.svelte-kit/output/client/_app/immutable/chunks/CXtECtnM.js                                              6.42 kB │ gzip:   1.92 kB
.svelte-kit/output/client/_app/immutable/chunks/vGWfd6FD.js                                              6.43 kB │ gzip:   1.28 kB
.svelte-kit/output/client/_app/immutable/chunks/L9t79GZl.js                                              6.48 kB │ gzip:   1.74 kB
.svelte-kit/output/client/_app/immutable/chunks/DyJlTyXw.js                                              6.52 kB │ gzip:   1.41 kB
.svelte-kit/output/client/_app/immutable/chunks/BERRCDM3.js                                              6.59 kB │ gzip:   1.62 kB
.svelte-kit/output/client/_app/immutable/chunks/CkByrt1z.js                                              6.76 kB │ gzip:   1.49 kB
.svelte-kit/output/client/_app/immutable/chunks/DXbdFlpD.js                                              6.85 kB │ gzip:   1.81 kB
.svelte-kit/output/client/_app/immutable/chunks/BM1_JUlF.js                                              6.91 kB │ gzip:   1.98 kB
.svelte-kit/output/client/_app/immutable/chunks/D7iOuNAH.js                                              6.92 kB │ gzip:   1.61 kB
.svelte-kit/output/client/_app/immutable/chunks/CTRr51gU.js                                              6.97 kB │ gzip:   1.90 kB
.svelte-kit/output/client/_app/immutable/chunks/C98Dy4si.js                                              7.17 kB │ gzip:   2.06 kB
.svelte-kit/output/client/_app/immutable/chunks/D3lLCCz7.js                                              7.26 kB │ gzip:   2.18 kB
.svelte-kit/output/client/_app/immutable/chunks/IeuSbFQv.js                                              7.47 kB │ gzip:   2.59 kB
.svelte-kit/output/client/_app/immutable/chunks/CF10PKvl.js                                              7.81 kB │ gzip:   1.92 kB
.svelte-kit/output/client/_app/immutable/chunks/4A_iFExJ.js                                              7.87 kB │ gzip:   2.53 kB
.svelte-kit/output/client/_app/immutable/chunks/D4h5O-jR.js                                              7.88 kB │ gzip:   1.92 kB
.svelte-kit/output/client/_app/immutable/chunks/CDVJQ6XC.js                                              7.99 kB │ gzip:   1.42 kB
.svelte-kit/output/client/_app/immutable/chunks/BGHREFWD.js                                              8.25 kB │ gzip:   1.80 kB
.svelte-kit/output/client/_app/immutable/chunks/DHCkPAjA.js                                              8.39 kB │ gzip:   1.67 kB
.svelte-kit/output/client/_app/immutable/chunks/CPfCRwNW.js                                              8.50 kB │ gzip:   1.69 kB
.svelte-kit/output/client/_app/immutable/chunks/ChMvpjG-.js                                              8.51 kB │ gzip:   3.02 kB
.svelte-kit/output/client/_app/immutable/chunks/BdnUsdx6.js                                              8.79 kB │ gzip:   2.13 kB
.svelte-kit/output/client/_app/immutable/chunks/CGH9qZGt.js                                              8.85 kB │ gzip:   1.17 kB
.svelte-kit/output/client/_app/immutable/chunks/C3khCPGq.js                                              8.86 kB │ gzip:   2.31 kB
.svelte-kit/output/client/_app/immutable/chunks/CHLpvVh8.js                                              8.96 kB │ gzip:   1.76 kB
.svelte-kit/output/client/_app/immutable/chunks/DphqKrQv.js                                              9.06 kB │ gzip:   3.78 kB
.svelte-kit/output/client/_app/immutable/chunks/C3mMm8J8.js                                              9.10 kB │ gzip:   2.10 kB
.svelte-kit/output/client/_app/immutable/chunks/BthQWCQV.js                                              9.12 kB │ gzip:   1.98 kB
.svelte-kit/output/client/_app/immutable/chunks/Cj5Yp3dK.js                                              9.29 kB │ gzip:   2.49 kB
.svelte-kit/output/client/_app/immutable/chunks/3e1v2bzS.js                                              9.30 kB │ gzip:   1.99 kB
.svelte-kit/output/client/_app/immutable/chunks/DqwNpetd.js                                              9.43 kB │ gzip:   2.11 kB
.svelte-kit/output/client/_app/immutable/chunks/iCIIa2lD.js                                              9.52 kB │ gzip:   3.04 kB
.svelte-kit/output/client/_app/immutable/chunks/DyxjwDmM.js                                              9.54 kB │ gzip:   4.94 kB
.svelte-kit/output/client/_app/immutable/entry/app.YswM9Gm_.js                                           9.54 kB │ gzip:   3.26 kB
.svelte-kit/output/client/_app/immutable/chunks/BIAuTxu3.js                                              9.67 kB │ gzip:   1.85 kB
.svelte-kit/output/client/_app/immutable/chunks/D1j8_8rp.js                                              9.86 kB │ gzip:   3.37 kB
.svelte-kit/output/client/_app/immutable/chunks/B7mTdjB0.js                                              9.94 kB │ gzip:   2.29 kB
.svelte-kit/output/client/_app/immutable/chunks/BWvSN4gD.js                                             10.05 kB │ gzip:   1.93 kB
.svelte-kit/output/client/_app/immutable/chunks/BoKiGodi.js                                             10.13 kB │ gzip:   1.39 kB
.svelte-kit/output/client/_app/immutable/chunks/Bd6BJj99.js                                             10.23 kB │ gzip:   2.20 kB
.svelte-kit/output/client/_app/immutable/chunks/DXvB9xmW.js                                             10.46 kB │ gzip:   2.97 kB
.svelte-kit/output/client/_app/immutable/chunks/BtqSS_iP.js                                             10.47 kB │ gzip:   2.25 kB
.svelte-kit/output/client/_app/immutable/chunks/D2CYqzqI.js                                             10.51 kB │ gzip:   2.13 kB
.svelte-kit/output/client/_app/immutable/chunks/Buea-lGh.js                                             10.51 kB │ gzip:   2.26 kB
.svelte-kit/output/client/_app/immutable/chunks/Ci3HlJdq.js                                             10.94 kB │ gzip:   2.09 kB
.svelte-kit/output/client/_app/immutable/chunks/DAi9KRSo.js                                             11.18 kB │ gzip:   2.52 kB
.svelte-kit/output/client/_app/immutable/chunks/CbFg5uaA.js                                             11.36 kB │ gzip:   3.85 kB
.svelte-kit/output/client/_app/immutable/chunks/BETggiCN.js                                             11.39 kB │ gzip:   2.51 kB
.svelte-kit/output/client/_app/immutable/chunks/DHJKELXO.js                                             11.41 kB │ gzip:   2.56 kB
.svelte-kit/output/client/_app/immutable/chunks/BMWR74SV.js                                             11.44 kB │ gzip:   2.11 kB
.svelte-kit/output/client/_app/immutable/chunks/DUszq2jm.js                                             11.50 kB │ gzip:   2.60 kB
.svelte-kit/output/client/_app/immutable/chunks/MzD3tlZU.js                                             12.01 kB │ gzip:   2.19 kB
.svelte-kit/output/client/_app/immutable/chunks/D5-asLiD.js                                             12.05 kB │ gzip:   1.64 kB
.svelte-kit/output/client/_app/immutable/chunks/IvJ92aGK.js                                             12.13 kB │ gzip:   2.36 kB
.svelte-kit/output/client/_app/immutable/chunks/Pmp26Uib.js                                             12.46 kB │ gzip:   3.71 kB
.svelte-kit/output/client/_app/immutable/chunks/irsrSlf-.js                                             12.69 kB │ gzip:   3.06 kB
.svelte-kit/output/client/_app/immutable/chunks/DU1UobuO.js                                             12.69 kB │ gzip:   1.98 kB
.svelte-kit/output/client/_app/immutable/chunks/BkioyH1T.js                                             12.89 kB │ gzip:   3.21 kB
.svelte-kit/output/client/_app/immutable/chunks/DljmTZ5-.js                                             13.23 kB │ gzip:   2.74 kB
.svelte-kit/output/client/_app/immutable/chunks/CVO1_9PV.js                                             13.62 kB │ gzip:   3.06 kB
.svelte-kit/output/client/_app/immutable/chunks/D-2ljcwZ.js                                             13.66 kB │ gzip:   2.30 kB
.svelte-kit/output/client/_app/immutable/chunks/Bkuqu6BP.js                                             13.68 kB │ gzip:   3.08 kB
.svelte-kit/output/client/_app/immutable/chunks/D0r3Knsf.js                                             13.76 kB │ gzip:   3.08 kB
.svelte-kit/output/client/_app/immutable/chunks/Xi2tawMN.js                                             13.82 kB │ gzip:   2.56 kB
.svelte-kit/output/client/_app/immutable/chunks/CbfX1IO0.js                                             14.04 kB │ gzip:   2.88 kB
.svelte-kit/output/client/_app/immutable/chunks/CfeIJUat.js                                             14.05 kB │ gzip:   2.57 kB
.svelte-kit/output/client/_app/immutable/chunks/CHh-QcGE.js                                             14.10 kB │ gzip:   2.39 kB
.svelte-kit/output/client/_app/immutable/chunks/D7oLnXFd.js                                             14.16 kB │ gzip:   3.06 kB
.svelte-kit/output/client/_app/immutable/chunks/BfjtVDDH.js                                             14.28 kB │ gzip:   3.04 kB
.svelte-kit/output/client/_app/immutable/chunks/DH5Ifo-i.js                                             14.43 kB │ gzip:   3.14 kB
.svelte-kit/output/client/_app/immutable/chunks/Cuk6v7N8.js                                             14.44 kB │ gzip:   3.14 kB
.svelte-kit/output/client/_app/immutable/chunks/E3gJ1_iC.js                                             14.60 kB │ gzip:   3.10 kB
.svelte-kit/output/client/_app/immutable/chunks/BepWV7mh.js                                             14.75 kB │ gzip:   2.27 kB
.svelte-kit/output/client/_app/immutable/chunks/DdkO51Og.js                                             14.78 kB │ gzip:   3.28 kB
.svelte-kit/output/client/_app/immutable/chunks/Cv9koXgw.js                                             14.95 kB │ gzip:   3.09 kB
.svelte-kit/output/client/_app/immutable/chunks/B1yitclQ.js                                             15.07 kB │ gzip:   2.70 kB
.svelte-kit/output/client/_app/immutable/chunks/BvAqAH-y.js                                             15.17 kB │ gzip:   3.95 kB
.svelte-kit/output/client/_app/immutable/chunks/BE2KfCdU.js                                             15.20 kB │ gzip:   3.09 kB
.svelte-kit/output/client/_app/immutable/chunks/BdImnpbu.js                                             15.85 kB │ gzip:   5.90 kB
.svelte-kit/output/client/_app/immutable/chunks/_L4ZuKRh.js                                             15.86 kB │ gzip:   6.40 kB
.svelte-kit/output/client/_app/immutable/chunks/D7o27uSR.js                                             16.09 kB │ gzip:   3.05 kB
.svelte-kit/output/client/_app/immutable/chunks/D82EKSYY.js                                             16.20 kB │ gzip:   2.05 kB
.svelte-kit/output/client/_app/immutable/chunks/BbcW6ACK.js                                             16.24 kB │ gzip:   3.12 kB
.svelte-kit/output/client/_app/immutable/chunks/BFWYg0Pz.js                                             16.26 kB │ gzip:   2.75 kB
.svelte-kit/output/client/_app/immutable/nodes/0.CtuUmKYD.js                                            16.40 kB │ gzip:   4.93 kB
.svelte-kit/output/client/_app/immutable/chunks/D8UrruzT.js                                             16.70 kB │ gzip:   2.51 kB
.svelte-kit/output/client/_app/immutable/chunks/BkPM1oy1.js                                             17.07 kB │ gzip:   3.04 kB
.svelte-kit/output/client/_app/immutable/chunks/DWedfzmr.js                                             17.12 kB │ gzip:   2.93 kB
.svelte-kit/output/client/_app/immutable/chunks/CfQXZHmo.js                                             17.13 kB │ gzip:   2.94 kB
.svelte-kit/output/client/_app/immutable/chunks/CkXjmgJE.js                                             17.13 kB │ gzip:   2.95 kB
.svelte-kit/output/client/_app/immutable/chunks/aX8UErL3.js                                             17.20 kB │ gzip:   2.97 kB
.svelte-kit/output/client/_app/immutable/chunks/DF-ndIJd.js                                             17.69 kB │ gzip:   3.13 kB
.svelte-kit/output/client/_app/immutable/chunks/DS1LvVMU.js                                             17.97 kB │ gzip:   2.51 kB
.svelte-kit/output/client/_app/immutable/chunks/D5KoaKCx.js                                             18.62 kB │ gzip:   3.13 kB
.svelte-kit/output/client/_app/immutable/chunks/BfHTSMKl.js                                             18.63 kB │ gzip:   3.12 kB
.svelte-kit/output/client/_app/immutable/chunks/CyktbL80.js                                             18.63 kB │ gzip:   3.15 kB
.svelte-kit/output/client/_app/immutable/chunks/B0m2ddpp.js                                             18.63 kB │ gzip:   3.13 kB
.svelte-kit/output/client/_app/immutable/chunks/Csfq5Kiy.js                                             18.64 kB │ gzip:   3.14 kB
.svelte-kit/output/client/_app/immutable/chunks/Bty6elJm.js                                             18.84 kB │ gzip:   3.70 kB
.svelte-kit/output/client/_app/immutable/chunks/gcz8RCvz.js                                             19.18 kB │ gzip:   3.59 kB
.svelte-kit/output/client/_app/immutable/chunks/D19aDJaf.js                                             19.52 kB │ gzip:   6.62 kB
.svelte-kit/output/client/_app/immutable/chunks/I3RK9BU8.js                                             19.80 kB │ gzip:   4.96 kB
.svelte-kit/output/client/_app/immutable/chunks/DeWFVDHI.js                                             20.04 kB │ gzip:   2.92 kB
.svelte-kit/output/client/_app/immutable/chunks/BBGuKPBd.js                                             20.04 kB │ gzip:   2.92 kB
.svelte-kit/output/client/_app/immutable/chunks/Dpen1YoG.js                                             20.10 kB │ gzip:   4.07 kB
.svelte-kit/output/client/_app/immutable/chunks/CJc9bBzg.js                                             20.37 kB │ gzip:   6.76 kB
.svelte-kit/output/client/_app/immutable/chunks/Bw305WKR.js                                             20.77 kB │ gzip:   3.85 kB
.svelte-kit/output/client/_app/immutable/chunks/DJ_Vf9gg.js                                             20.83 kB │ gzip:   3.63 kB
.svelte-kit/output/client/_app/immutable/chunks/DDlQUpcd.js                                             21.05 kB │ gzip:   2.68 kB
.svelte-kit/output/client/_app/immutable/chunks/BzJJZx-M.js                                             21.07 kB │ gzip:   4.03 kB
.svelte-kit/output/client/_app/immutable/chunks/BXkSAIEj.js                                             21.08 kB │ gzip:   4.07 kB
.svelte-kit/output/client/_app/immutable/chunks/5i3qLPDT.js                                             21.47 kB │ gzip:   2.88 kB
.svelte-kit/output/client/_app/immutable/chunks/BHrmToEH.js                                             21.74 kB │ gzip:   3.89 kB
.svelte-kit/output/client/_app/immutable/chunks/NleAzG8P.js                                             21.75 kB │ gzip:   3.91 kB
.svelte-kit/output/client/_app/immutable/chunks/CnK8MTSM.js                                             21.75 kB │ gzip:   3.91 kB
.svelte-kit/output/client/_app/immutable/chunks/Hhtzho9R.js                                             21.86 kB │ gzip:   4.11 kB
.svelte-kit/output/client/_app/immutable/chunks/BFVdkX1U.js                                             21.86 kB │ gzip:   4.11 kB
.svelte-kit/output/client/_app/immutable/chunks/7i6GEmcB.js                                             21.86 kB │ gzip:   4.12 kB
.svelte-kit/output/client/_app/immutable/chunks/leinZj1a.js                                             21.86 kB │ gzip:   4.12 kB
.svelte-kit/output/client/_app/immutable/chunks/DFR6f4Jn.js                                             21.86 kB │ gzip:   4.11 kB
.svelte-kit/output/client/_app/immutable/chunks/Dcsh5twl.js                                             21.86 kB │ gzip:   4.12 kB
.svelte-kit/output/client/_app/immutable/chunks/IcauUjuM.js                                             22.39 kB │ gzip:   3.12 kB
.svelte-kit/output/client/_app/immutable/chunks/Cg-RD9OK.js                                             22.58 kB │ gzip:   6.09 kB
.svelte-kit/output/client/_app/immutable/chunks/BbtU-3DL.js                                             22.65 kB │ gzip:   4.14 kB
.svelte-kit/output/client/_app/immutable/chunks/B9xm8XSJ.js                                             23.42 kB │ gzip:   7.43 kB
.svelte-kit/output/client/_app/immutable/chunks/CtrldY6v.js                                             23.52 kB │ gzip:   3.15 kB
.svelte-kit/output/client/_app/immutable/chunks/Df68jz8_.js                                             23.66 kB │ gzip:   2.56 kB
.svelte-kit/output/client/_app/immutable/chunks/zERtD0RJ.js                                             23.93 kB │ gzip:   7.54 kB
.svelte-kit/output/client/_app/immutable/chunks/BNHrEa0E.js                                             23.98 kB │ gzip:   5.38 kB
.svelte-kit/output/client/_app/immutable/chunks/CeAyd5Ju.js                                             24.26 kB │ gzip:   3.89 kB
.svelte-kit/output/client/_app/immutable/chunks/D7ScPSBf.js                                             24.28 kB │ gzip:   4.00 kB
.svelte-kit/output/client/_app/immutable/chunks/CquLrc37.js                                             24.62 kB │ gzip:   8.30 kB
.svelte-kit/output/client/_app/immutable/chunks/DvDXMURA.js                                             25.28 kB │ gzip:   4.12 kB
.svelte-kit/output/client/_app/immutable/chunks/PoHY5YXO.js                                             25.30 kB │ gzip:   3.68 kB
.svelte-kit/output/client/_app/immutable/chunks/BBNsSK_f.js                                             25.49 kB │ gzip:   3.39 kB
.svelte-kit/output/client/_app/immutable/chunks/DdktJ67Z.js                                             25.90 kB │ gzip:   4.22 kB
.svelte-kit/output/client/_app/immutable/chunks/CnnmHF94.js                                             26.20 kB │ gzip:   4.83 kB
.svelte-kit/output/client/_app/immutable/chunks/Ddv68eIx.js                                             26.72 kB │ gzip:   4.41 kB
.svelte-kit/output/client/_app/immutable/chunks/DsOJ9woJ.js                                             26.88 kB │ gzip:   3.80 kB
.svelte-kit/output/client/_app/immutable/chunks/2EtD6e53.js                                             27.20 kB │ gzip:   4.20 kB
.svelte-kit/output/client/_app/immutable/chunks/CylS5w8V.js                                             27.22 kB │ gzip:   4.27 kB
.svelte-kit/output/client/_app/immutable/chunks/DNrj_gVY.js                                             27.41 kB │ gzip:   6.35 kB
.svelte-kit/output/client/_app/immutable/chunks/DfEE3Bzs.js                                             28.29 kB │ gzip:   3.51 kB
.svelte-kit/output/client/_app/immutable/chunks/C151Ov-r.js                                             28.88 kB │ gzip:   3.93 kB
.svelte-kit/output/client/_app/immutable/chunks/C39BiMTA.js                                             28.91 kB │ gzip:   5.18 kB
.svelte-kit/output/client/_app/immutable/chunks/D1RYiFeP.js                                             29.35 kB │ gzip:   4.40 kB
.svelte-kit/output/client/_app/immutable/chunks/Co6uUVPk.js                                             29.54 kB │ gzip:   5.96 kB
.svelte-kit/output/client/_app/immutable/chunks/BEDo0Tqx.js                                             31.07 kB │ gzip:   8.02 kB
.svelte-kit/output/client/_app/immutable/chunks/D_gY-Srz.js                                             32.04 kB │ gzip:  10.99 kB
.svelte-kit/output/client/_app/immutable/chunks/pwSOJdXQ.js                                             33.29 kB │ gzip:  12.91 kB
.svelte-kit/output/client/_app/immutable/chunks/CS3Unz2-.js                                             33.49 kB │ gzip:   5.53 kB
.svelte-kit/output/client/_app/immutable/chunks/DVMEJ2y_.js                                             33.79 kB │ gzip:   5.54 kB
.svelte-kit/output/client/_app/immutable/chunks/BP3HzMA6.js                                             35.16 kB │ gzip:   5.92 kB
.svelte-kit/output/client/_app/immutable/chunks/pPsQADYk.js                                             35.35 kB │ gzip:   4.44 kB
.svelte-kit/output/client/_app/immutable/chunks/DnULxvSX.js                                             35.42 kB │ gzip:   5.80 kB
.svelte-kit/output/client/_app/immutable/chunks/hegEt444.js                                             35.67 kB │ gzip:   6.26 kB
.svelte-kit/output/client/_app/immutable/chunks/DpOm0zC4.js                                             37.43 kB │ gzip:   4.35 kB
.svelte-kit/output/client/_app/immutable/chunks/7Q8uDm7y.js                                             39.07 kB │ gzip:  10.82 kB
.svelte-kit/output/client/_app/immutable/chunks/C2tOF0e5.js                                             39.43 kB │ gzip:  11.30 kB
.svelte-kit/output/client/_app/immutable/chunks/D_Q5rh1f.js                                             40.72 kB │ gzip:   8.24 kB
.svelte-kit/output/client/_app/immutable/chunks/Df6bDoY_.js                                             41.43 kB │ gzip:   6.42 kB
.svelte-kit/output/client/_app/immutable/chunks/Yzrsuije.js                                             41.48 kB │ gzip:   6.10 kB
.svelte-kit/output/client/_app/immutable/chunks/BvpNJmiM.js                                             43.10 kB │ gzip:   4.62 kB
.svelte-kit/output/client/_app/immutable/chunks/85-TOEBH.js                                             43.80 kB │ gzip:   8.44 kB
.svelte-kit/output/client/_app/immutable/chunks/PEFJdsE-.js                                             45.13 kB │ gzip:   5.07 kB
.svelte-kit/output/client/_app/immutable/chunks/Dvit2vMd.js                                             45.68 kB │ gzip:   5.56 kB
.svelte-kit/output/client/_app/immutable/chunks/QX45V2Sx.js                                             46.08 kB │ gzip:   6.68 kB
.svelte-kit/output/client/_app/immutable/chunks/BR7mELCv.js                                             46.84 kB │ gzip:   7.97 kB
.svelte-kit/output/client/_app/immutable/chunks/q-j0iyEw.js                                             46.84 kB │ gzip:   7.97 kB
.svelte-kit/output/client/_app/immutable/chunks/Btyk0a-E.js                                             46.85 kB │ gzip:   7.99 kB
.svelte-kit/output/client/_app/immutable/chunks/brDaU2vB.js                                             46.85 kB │ gzip:   7.98 kB
.svelte-kit/output/client/_app/immutable/chunks/bCR0ucgS.js                                             48.08 kB │ gzip:   6.09 kB
.svelte-kit/output/client/_app/immutable/chunks/DPfMkruS.js                                             49.02 kB │ gzip:  11.85 kB
.svelte-kit/output/client/_app/immutable/chunks/DGztddWO.js                                             49.93 kB │ gzip:   9.47 kB
.svelte-kit/output/client/_app/immutable/chunks/BgDCqdQA.js                                             53.75 kB │ gzip:   8.46 kB
.svelte-kit/output/client/_app/immutable/chunks/C8M2exoo.js                                             53.75 kB │ gzip:   8.46 kB
.svelte-kit/output/client/_app/immutable/chunks/BhOHFoWU.js                                             55.89 kB │ gzip:   4.72 kB
.svelte-kit/output/client/_app/immutable/chunks/RrBGtqGR.js                                             55.91 kB │ gzip:   5.46 kB
.svelte-kit/output/client/_app/immutable/chunks/DTRNzuft.js                                             56.99 kB │ gzip:  12.32 kB
.svelte-kit/output/client/_app/immutable/chunks/JhPuU2gP.js                                             57.01 kB │ gzip:  11.73 kB
.svelte-kit/output/client/_app/immutable/chunks/BFfxhgS-.js                                             58.69 kB │ gzip:   8.19 kB
.svelte-kit/output/client/_app/immutable/chunks/C0hk2d4L.js                                             62.45 kB │ gzip:   5.04 kB
.svelte-kit/output/client/_app/immutable/chunks/1DNp92w6.js                                             69.29 kB │ gzip:   9.20 kB
.svelte-kit/output/client/_app/immutable/chunks/D47NCwq9.js                                             69.37 kB │ gzip:   5.98 kB
.svelte-kit/output/client/_app/immutable/chunks/B6aJPvgy.js                                             69.95 kB │ gzip:   9.16 kB
.svelte-kit/output/client/_app/immutable/chunks/BIGW1oBm.js                                             72.11 kB │ gzip:  10.48 kB
.svelte-kit/output/client/_app/immutable/chunks/CDx5xZoG.js                                             74.65 kB │ gzip:  10.74 kB
.svelte-kit/output/client/_app/immutable/nodes/12.DgVlmiyF.js                                           79.74 kB │ gzip:  22.56 kB
.svelte-kit/output/client/_app/immutable/chunks/BMsmw5H2.js                                             80.14 kB │ gzip:  26.04 kB
.svelte-kit/output/client/_app/immutable/chunks/fve9TYiY.js                                             85.12 kB │ gzip:  14.83 kB
.svelte-kit/output/client/_app/immutable/chunks/CHadp7IV.js                                             85.59 kB │ gzip:  10.23 kB
.svelte-kit/output/client/_app/immutable/chunks/CdggvHu8.js                                             87.06 kB │ gzip:   7.15 kB
.svelte-kit/output/client/_app/immutable/chunks/D22FLkUw.js                                             87.15 kB │ gzip:  10.93 kB
.svelte-kit/output/client/_app/immutable/chunks/BqYA7rlc.js                                             92.38 kB │ gzip:  15.08 kB
.svelte-kit/output/client/_app/immutable/chunks/B1dDrJ26.js                                             97.07 kB │ gzip:  14.79 kB
.svelte-kit/output/client/_app/immutable/chunks/DnUk3bzY.js                                            103.59 kB │ gzip:  27.95 kB
.svelte-kit/output/client/_app/immutable/chunks/DXmwc3jG.js                                            105.41 kB │ gzip:  23.35 kB
.svelte-kit/output/client/_app/immutable/chunks/CJAA5EuL.js                                            110.94 kB │ gzip:  28.42 kB
.svelte-kit/output/client/_app/immutable/chunks/Cmh6b_Ma.js                                            136.11 kB │ gzip:  23.58 kB
.svelte-kit/output/client/_app/immutable/chunks/DpRLM8GG.js                                            151.09 kB │ gzip:  46.72 kB
.svelte-kit/output/client/_app/immutable/chunks/CLxacb5B.js                                            171.97 kB │ gzip:  30.74 kB
.svelte-kit/output/client/_app/immutable/chunks/BMMyXqK5.js                                            174.82 kB │ gzip:  16.59 kB
.svelte-kit/output/client/_app/immutable/chunks/COt5Ahok.js                                            175.54 kB │ gzip:  16.59 kB
.svelte-kit/output/client/_app/immutable/chunks/g9-lgVsj.js                                            177.79 kB │ gzip:  16.72 kB
.svelte-kit/output/client/_app/immutable/chunks/DlfHMoPT.js                                            181.07 kB │ gzip:  16.10 kB
.svelte-kit/output/client/_app/immutable/chunks/BdM2SkD0.js                                            183.72 kB │ gzip:  16.64 kB
.svelte-kit/output/client/_app/immutable/chunks/lXgVvXCa.js                                            262.39 kB │ gzip:  77.07 kB
.svelte-kit/output/client/_app/immutable/chunks/CG6Dc4jp.js                                            622.34 kB │ gzip: 231.16 kB
.svelte-kit/output/client/_app/immutable/chunks/D80IaJIx.js                                            626.04 kB │ gzip:  44.87 kB
.svelte-kit/output/client/_app/immutable/chunks/C9XAeP06.js                                            779.85 kB │ gzip: 196.53 kB

(!) Some chunks are larger than 500 kB after minification. Consider:
- Using dynamic import() to code-split the application
- Use build.rollupOptions.output.manualChunks to improve chunking: https://rollupjs.org/configuration-options/#output-manualchunks
- Adjust chunk size limit for this warning via build.chunkSizeWarningLimit.
✓ built in 6.53s
.svelte-kit/output/server/_app/immutable/assets/jetbrains-mono-vietnamese-wght-normal.Bt-aOZkq.woff2     7.50 kB
.svelte-kit/output/server/_app/immutable/assets/jetbrains-mono-greek-wght-normal.Bw9x6K1M.woff2          9.00 kB
.svelte-kit/output/server/_app/immutable/assets/jetbrains-mono-cyrillic-wght-normal.D73BlboJ.woff2      12.11 kB
.svelte-kit/output/server/_app/immutable/assets/libre-caslon-text-latin-ext-400-normal.ll1HhAxb.woff    12.22 kB
.svelte-kit/output/server/_app/immutable/assets/libre-caslon-text-latin-ext-400-normal.C9ASObbr.woff2   14.31 kB
.svelte-kit/output/server/_app/immutable/assets/jetbrains-mono-latin-ext-wght-normal.DBQx-q_a.woff2     15.20 kB
.svelte-kit/output/server/.vite/manifest.json                                                           17.84 kB
.svelte-kit/output/server/_app/immutable/assets/libre-caslon-text-latin-400-normal.WtjoQ5sB.woff        21.40 kB
.svelte-kit/output/server/_app/immutable/assets/libre-caslon-text-latin-400-normal.CfldDPV-.woff2       24.97 kB
.svelte-kit/output/server/_app/immutable/assets/jetbrains-mono-latin-wght-normal.B9CIFXIH.woff2         40.40 kB
.svelte-kit/output/server/_app/immutable/assets/_layout.CP6a4VyA.css                                   101.12 kB
.svelte-kit/output/server/entries/pages/_page.svelte.js                                                  0.08 kB
.svelte-kit/output/server/entries/pages/_layout.server.ts.js                                             0.12 kB
.svelte-kit/output/server/entries/pages/demo/_page.svelte.js                                             0.13 kB
.svelte-kit/output/server/chunks/utils2.js                                                               0.15 kB
.svelte-kit/output/server/entries/pages/about/_layout.svelte.js                                          0.17 kB
.svelte-kit/output/server/entries/pages/admin/audit/_layout.svelte.js                                    0.17 kB
.svelte-kit/output/server/entries/pages/admin/kv/_layout.svelte.js                                       0.17 kB
.svelte-kit/output/server/entries/pages/admin/users/_layout.svelte.js                                    0.17 kB
.svelte-kit/output/server/entries/pages/auth/_layout.svelte.js                                           0.17 kB
.svelte-kit/output/server/entries/pages/auth/login/_layout.svelte.js                                     0.17 kB
.svelte-kit/output/server/entries/pages/auth/register/_layout.svelte.js                                  0.17 kB
.svelte-kit/output/server/entries/pages/auth/sign-out/_layout.svelte.js                                  0.17 kB
.svelte-kit/output/server/entries/pages/auth/_page.svelte.js                                             0.22 kB
.svelte-kit/output/server/chunks/config.js                                                               0.22 kB
.svelte-kit/output/server/entries/pages/auth/sign-out/_page.svelte.js                                    0.22 kB
.svelte-kit/output/server/chunks/context.js                                                              0.26 kB
.svelte-kit/output/server/chunks/equality.js                                                             0.33 kB
.svelte-kit/output/server/internal.js                                                                    0.35 kB
.svelte-kit/output/server/entries/pages/admin/_layout.svelte.js                                          0.41 kB
.svelte-kit/output/server/entries/pages/about/_page.server.ts.js                                         0.44 kB
.svelte-kit/output/server/entries/pages/admin/_page.server.ts.js                                         0.44 kB
.svelte-kit/output/server/entries/pages/auth/_page.server.ts.js                                          0.44 kB
.svelte-kit/output/server/chunks/shared-server.js                                                        0.44 kB
.svelte-kit/output/server/entries/pages/auth/sign-out/_page.server.ts.js                                 0.44 kB
.svelte-kit/output/server/entries/pages/_page.server.ts.js                                               0.45 kB
.svelte-kit/output/server/entries/pages/admin/audit/_page.server.ts.js                                   0.46 kB
.svelte-kit/output/server/chunks/p.js                                                                    0.49 kB
.svelte-kit/output/server/entries/pages/demo/lucia/_page.svelte.js                                       0.50 kB
.svelte-kit/output/server/entries/pages/admin/users/_page.server.ts.js                                   0.52 kB
.svelte-kit/output/server/entries/pages/admin/_page.svelte.js                                            0.53 kB
.svelte-kit/output/server/chunks/escaping.js                                                             0.53 kB
.svelte-kit/output/server/entries/pages/demo/lucia/_page.server.ts.js                                    0.61 kB
.svelte-kit/output/server/entries/pages/demo/lucia/login/_page.svelte.js                                 0.65 kB
.svelte-kit/output/server/chunks/utils.js                                                                0.76 kB
.svelte-kit/output/server/chunks/audit.js                                                                0.82 kB
.svelte-kit/output/server/chunks/h2.js                                                                   0.89 kB
.svelte-kit/output/server/chunks/client.js                                                               0.95 kB
.svelte-kit/output/server/chunks/card.js                                                                 1.44 kB
.svelte-kit/output/server/chunks/button.js                                                               1.52 kB
.svelte-kit/output/server/chunks/schema.js                                                               1.60 kB
.svelte-kit/output/server/entries/pages/auth/register/_page.svelte.js                                    2.25 kB
.svelte-kit/output/server/chunks/index3.js                                                               2.36 kB
.svelte-kit/output/server/entries/pages/admin/kv/_page.server.ts.js                                      2.44 kB
.svelte-kit/output/server/chunks/index.js                                                                2.59 kB
.svelte-kit/output/server/chunks/hooks.server.js                                                         2.60 kB
.svelte-kit/output/server/entries/pages/auth/login/_page.svelte.js                                       2.77 kB
.svelte-kit/output/server/chunks/tr.js                                                                   2.80 kB
.svelte-kit/output/server/chunks/input.js                                                                2.90 kB
.svelte-kit/output/server/entries/pages/auth/register/_page.server.ts.js                                 2.92 kB
.svelte-kit/output/server/entries/pages/auth/login/_page.server.ts.js                                    3.38 kB
.svelte-kit/output/server/entries/pages/_error.svelte.js                                                 3.79 kB
.svelte-kit/output/server/chunks/button-style.js                                                         4.44 kB
.svelte-kit/output/server/entries/pages/admin/users/_page.svelte.js                                      4.89 kB
.svelte-kit/output/server/entries/pages/demo/lucia/login/_page.server.ts.js                              4.97 kB
.svelte-kit/output/server/chunks/json.js                                                                 5.02 kB
.svelte-kit/output/server/entries/pages/admin/kv/_page.svelte.js                                         6.59 kB
.svelte-kit/output/server/chunks/exports.js                                                              6.91 kB
.svelte-kit/output/server/chunks/badge.js                                                                6.96 kB
.svelte-kit/output/server/chunks/index2.js                                                               8.81 kB
.svelte-kit/output/server/entries/pages/admin/audit/_page.svelte.js                                      9.14 kB
.svelte-kit/output/server/entries/pages/_layout.svelte.js                                               18.56 kB
.svelte-kit/output/server/chunks/internal.js                                                            51.27 kB
.svelte-kit/output/server/entries/pages/about/_page.svelte.js                                          100.47 kB
.svelte-kit/output/server/index.js                                                                     104.52 kB
✓ built in 12.83s

Run npm run preview to preview your production build locally.

> Using @sveltejs/adapter-auto
  Could not detect a supported production environment. See https://svelte.dev/docs/kit/adapters to learn how to configure your app to run on the platform of your choosing
  ✔ done
